Removed Pin From Net: NetName=GND Pin=CON2-5
Removed Pin From Net: NetName=external_trigger Pin=CON2-6
Change Component Footprint: Designator=CON2 Old Footprint=Goldpin 1.27mm 6Pin New Footprint=Goldpin 1.27mm 4PIN
Change Component Comment : Designator=CON2 Old Comment=6 PIN New Comment=4 PIN
Added Component: Designator=CON3(Goldpin 1.27mm 4PIN)
Added Component: Designator=CON4(BM04B-SRSS-TB)
Added Pin To Net: NetName=external_trigger Pin=CON3-3
Added Pin To Net: NetName=GND Pin=CON3-4
Added Pin To Net: NetName=SWCLK Pin=CON4-1
Added Pin To Net: NetName=GND Pin=CON4-2
Added Pin To Net: NetName=SWDIO Pin=CON4-3
Added Pin To Net: NetName=NRST Pin=CON4-4
Added Pin To Net: NetName=UART_RX Pin=CON3-1
Added Pin To Net: NetName=UART_RX Pin=IC2-19
Added Net: Name=UART_RX
Added Pin To Net: NetName=UART_TX Pin=CON3-2
Added Pin To Net: NetName=UART_TX Pin=IC2-18
Added Net: Name=UART_TX
Added Member To Class: ClassName=Sheet1 Member=Component CON3 4 PIN
Added Member To Class: ClassName=Sheet1 Member=Component CON4 4 PIN
